Build started 4.10.2013 17:42:30.
     1>Project "F:\CEN133-SOFTWARE ENGINEER\PROJECTS\EXAM FLOWCHART\EXAM FLOWCHART\EXAM FLOWCHART.vcxproj" on node 2 (rebuild target(s)).
     1>_PrepareForClean:
         Deleting file "Debug\EXAM FLOWCHART.lastbuildstate".
       InitializeBuildStatus:
         Creating "Debug\EXAM FLOWCHART.unsuccessfulbuild" because "AlwaysCreate" was specified.
       ClCompile:
         C:\Program Files (x86)\Microsoft Visual Studio 10.0\VC\bin\CL.exe /c /ZI /nologo /W3 /WX- /Od /Oy- /D "WIN32" /D _DEBUG /D _CONSOLE /D "_UNICODE" /D "UNICODE" /Gm /EHsc /RTC1 /MDd /GS /fp:precise /Zc:wchar_t /Zc:forScope /Fo"Debug\\" /Fd"Debug\vc100.pdb" /Gd /TC /analyze- /errorReport:prompt Flowchart.c
         Flowchart.c
     1>f:\cen133-software engineer\projects\exam flowchart\exam flowchart\flowchart.c(14): warning C4996: 'scanf': This function or variable may be unsafe. Consider using scanf_s instead. To disable deprecation, use _CRT_SECURE_NO_WARNINGS. See online help for details.
                 c:\program files (x86)\microsoft visual studio 10.0\vc\include\stdio.h(304) : see declaration of 'scanf'
       ManifestResourceCompile:
         C:\Program Files (x86)\Microsoft SDKs\Windows\v7.0A\bin\rc.exe /nologo /fo"Debug\EXAM FLOWCHART.exe.embed.manifest.res" "Debug\EXAM FLOWCHART_manifest.rc" 
       Link:
         C:\Program Files (x86)\Microsoft Visual Studio 10.0\VC\bin\link.exe /ERRORREPORT:PROMPT /OUT:"F:\CEN133-SOFTWARE ENGINEER\PROJECTS\EXAM FLOWCHART\Debug\EXAM FLOWCHART.exe" /INCREMENTAL /NOLOGO kernel32.lib user32.lib gdi32.lib winspool.lib comdlg32.lib advapi32.lib shell32.lib ole32.lib oleaut32.lib uuid.lib odbc32.lib odbccp32.lib /MANIFEST /ManifestFile:"Debug\EXAM FLOWCHART.exe.intermediate.manifest" /MANIFESTUAC:"level='asInvoker' uiAccess='false'" /DEBUG /PDB:"F:\CEN133-SOFTWARE ENGINEER\PROJECTS\EXAM FLOWCHART\Debug\EXAM FLOWCHART.pdb" /SUBSYSTEM:CONSOLE /TLBID:1 /DYNAMICBASE /NXCOMPAT /IMPLIB:"F:\CEN133-SOFTWARE ENGINEER\PROJECTS\EXAM FLOWCHART\Debug\EXAM FLOWCHART.lib" /MACHINE:X86 "Debug\EXAM FLOWCHART.exe.embed.manifest.res"
         Debug\Flowchart.obj
       Manifest:
         Deleting file "Debug\EXAM FLOWCHART.exe.embed.manifest".
         C:\Program Files (x86)\Microsoft SDKs\Windows\v7.0A\bin\mt.exe /nologo /verbose /out:"Debug\EXAM FLOWCHART.exe.embed.manifest" /manifest "Debug\EXAM FLOWCHART.exe.intermediate.manifest"
         C:\Program Files (x86)\Microsoft SDKs\Windows\v7.0A\bin\rc.exe /nologo /fo"Debug\EXAM FLOWCHART.exe.embed.manifest.res" "Debug\EXAM FLOWCHART_manifest.rc" 
       LinkEmbedManifest:
         C:\Program Files (x86)\Microsoft Visual Studio 10.0\VC\bin\link.exe /ERRORREPORT:PROMPT /OUT:"F:\CEN133-SOFTWARE ENGINEER\PROJECTS\EXAM FLOWCHART\Debug\EXAM FLOWCHART.exe" /INCREMENTAL /NOLOGO kernel32.lib user32.lib gdi32.lib winspool.lib comdlg32.lib advapi32.lib shell32.lib ole32.lib oleaut32.lib uuid.lib odbc32.lib odbccp32.lib /MANIFEST /ManifestFile:"Debug\EXAM FLOWCHART.exe.intermediate.manifest" /MANIFESTUAC:"level='asInvoker' uiAccess='false'" /DEBUG /PDB:"F:\CEN133-SOFTWARE ENGINEER\PROJECTS\EXAM FLOWCHART\Debug\EXAM FLOWCHART.pdb" /SUBSYSTEM:CONSOLE /TLBID:1 /DYNAMICBASE /NXCOMPAT /IMPLIB:"F:\CEN133-SOFTWARE ENGINEER\PROJECTS\EXAM FLOWCHART\Debug\EXAM FLOWCHART.lib" /MACHINE:X86 "Debug\EXAM FLOWCHART.exe.embed.manifest.res"
         Debug\Flowchart.obj
         EXAM FLOWCHART.vcxproj -> F:\CEN133-SOFTWARE ENGINEER\PROJECTS\EXAM FLOWCHART\Debug\EXAM FLOWCHART.exe
       FinalizeBuildStatus:
         Deleting file "Debug\EXAM FLOWCHART.unsuccessfulbuild".
         Touching "Debug\EXAM FLOWCHART.lastbuildstate".
     1>Done Building Project "F:\CEN133-SOFTWARE ENGINEER\PROJECTS\EXAM FLOWCHART\EXAM FLOWCHART\EXAM FLOWCHART.vcxproj" (rebuild target(s)).

Build succeeded.

Time Elapsed 00:00:00.56
