C:\USERS\GOKDERE\DOCUMENTS\VISUAL STUDIO 2010\PROJECTS\EXAM FLOWCHART\DEBUG\EXAM FLOWCHART.EXE
C:\USERS\GOKDERE\DOCUMENTS\VISUAL STUDIO 2010\PROJECTS\EXAM FLOWCHART\DEBUG\EXAM FLOWCHART.ILK
C:\USERS\GOKDERE\DOCUMENTS\VISUAL STUDIO 2010\PROJECTS\EXAM FLOWCHART\DEBUG\EXAM FLOWCHART.PDB
C:\USERS\GOKDERE\DOCUMENTS\VISUAL STUDIO 2010\PROJECTS\EXAM FLOWCHART\EXAM FLOWCHART\DEBUG\EXAM FLOWCHART.EXE.EMBED.MANIFEST
C:\USERS\GOKDERE\DOCUMENTS\VISUAL STUDIO 2010\PROJECTS\EXAM FLOWCHART\EXAM FLOWCHART\DEBUG\EXAM FLOWCHART.EXE.EMBED.MANIFEST.RES
C:\USERS\GOKDERE\DOCUMENTS\VISUAL STUDIO 2010\PROJECTS\EXAM FLOWCHART\EXAM FLOWCHART\DEBUG\EXAM FLOWCHART.EXE.INTERMEDIATE.MANIFEST
C:\USERS\GOKDERE\DOCUMENTS\VISUAL STUDIO 2010\PROJECTS\EXAM FLOWCHART\EXAM FLOWCHART\DEBUG\FLOWCHART.OBJ
C:\USERS\GOKDERE\DOCUMENTS\VISUAL STUDIO 2010\PROJECTS\EXAM FLOWCHART\EXAM FLOWCHART\DEBUG\VC100.PDB
F:\CEN133-SOFTWARE ENGINEER\PROJECTS\EXAM FLOWCHART\Debug\EXAM FLOWCHART.exe
F:\CEN133-SOFTWARE ENGINEER\PROJECTS\EXAM FLOWCHART\Debug\EXAM FLOWCHART.ilk
F:\CEN133-SOFTWARE ENGINEER\PROJECTS\EXAM FLOWCHART\Debug\EXAM FLOWCHART.pdb
F:\CEN133-SOFTWARE ENGINEER\PROJECTS\EXAM FLOWCHART\EXAM FLOWCHART\Debug\cl.command.1.tlog
F:\CEN133-SOFTWARE ENGINEER\PROJECTS\EXAM FLOWCHART\EXAM FLOWCHART\Debug\CL.read.1.tlog
F:\CEN133-SOFTWARE ENGINEER\PROJECTS\EXAM FLOWCHART\EXAM FLOWCHART\Debug\CL.write.1.tlog
F:\CEN133-SOFTWARE ENGINEER\PROJECTS\EXAM FLOWCHART\EXAM FLOWCHART\Debug\EXAM FLOWCHART.exe.embed.manifest
F:\CEN133-SOFTWARE ENGINEER\PROJECTS\EXAM FLOWCHART\EXAM FLOWCHART\Debug\EXAM FLOWCHART.exe.embed.manifest.res
F:\CEN133-SOFTWARE ENGINEER\PROJECTS\EXAM FLOWCHART\EXAM FLOWCHART\Debug\EXAM FLOWCHART.exe.intermediate.manifest
F:\CEN133-SOFTWARE ENGINEER\PROJECTS\EXAM FLOWCHART\EXAM FLOWCHART\Debug\EXAM FLOWCHART_manifest.rc
F:\CEN133-SOFTWARE ENGINEER\PROJECTS\EXAM FLOWCHART\EXAM FLOWCHART\Debug\Flowchart.obj
F:\CEN133-SOFTWARE ENGINEER\PROJECTS\EXAM FLOWCHART\EXAM FLOWCHART\Debug\link.4312.read.1.tlog
F:\CEN133-SOFTWARE ENGINEER\PROJECTS\EXAM FLOWCHART\EXAM FLOWCHART\Debug\link.4312.write.1.tlog
F:\CEN133-SOFTWARE ENGINEER\PROJECTS\EXAM FLOWCHART\EXAM FLOWCHART\Debug\link.4312-cvtres.read.1.tlog
F:\CEN133-SOFTWARE ENGINEER\PROJECTS\EXAM FLOWCHART\EXAM FLOWCHART\Debug\link.4312-cvtres.write.1.tlog
F:\CEN133-SOFTWARE ENGINEER\PROJECTS\EXAM FLOWCHART\EXAM FLOWCHART\Debug\link.command.1.tlog
F:\CEN133-SOFTWARE ENGINEER\PROJECTS\EXAM FLOWCHART\EXAM FLOWCHART\Debug\link.read.1.tlog
F:\CEN133-SOFTWARE ENGINEER\PROJECTS\EXAM FLOWCHART\EXAM FLOWCHART\Debug\link.write.1.tlog
F:\CEN133-SOFTWARE ENGINEER\PROJECTS\EXAM FLOWCHART\EXAM FLOWCHART\Debug\link-cvtres.read.1.tlog
F:\CEN133-SOFTWARE ENGINEER\PROJECTS\EXAM FLOWCHART\EXAM FLOWCHART\Debug\link-cvtres.write.1.tlog
F:\CEN133-SOFTWARE ENGINEER\PROJECTS\EXAM FLOWCHART\EXAM FLOWCHART\Debug\mt.command.1.tlog
F:\CEN133-SOFTWARE ENGINEER\PROJECTS\EXAM FLOWCHART\EXAM FLOWCHART\Debug\mt.read.1.tlog
F:\CEN133-SOFTWARE ENGINEER\PROJECTS\EXAM FLOWCHART\EXAM FLOWCHART\Debug\mt.write.1.tlog
F:\CEN133-SOFTWARE ENGINEER\PROJECTS\EXAM FLOWCHART\EXAM FLOWCHART\Debug\rc.command.1.tlog
F:\CEN133-SOFTWARE ENGINEER\PROJECTS\EXAM FLOWCHART\EXAM FLOWCHART\Debug\rc.read.1.tlog
F:\CEN133-SOFTWARE ENGINEER\PROJECTS\EXAM FLOWCHART\EXAM FLOWCHART\Debug\rc.write.1.tlog
F:\CEN133-SOFTWARE ENGINEER\PROJECTS\EXAM FLOWCHART\EXAM FLOWCHART\Debug\vc100.idb
F:\CEN133-SOFTWARE ENGINEER\PROJECTS\EXAM FLOWCHART\EXAM FLOWCHART\Debug\vc100.pdb
